<?xml version="1.0" encoding="UTF-8"?>
<testsuite name="TaskTest" tests="1" skipped="0" failures="0" errors="0" timestamp="2023-06-07T00:43:04" hostname="nakamura.local" time="24.84">
  <properties/>
  <testcase name="isExpired()" classname="TaskTest" time="24.84"/>
  <system-out><![CDATA[]]></system-out>
  <system-err><![CDATA[]]></system-err>
</testsuite>
